<?xml version="1.0" encoding="UTF-8"?>
<testng-results ignored="0" total="1" passed="1" failed="0" skipped="0">
  <reporter-output>
  </reporter-output>
  <suite started-at="2024-04-08T21:14:25 EDT" name="Default suite" finished-at="2024-04-08T21:14:25 EDT" duration-ms="39">
    <groups>
    </groups>
    <test started-at="2024-04-08T21:14:25 EDT" name="Default test" finished-at="2024-04-08T21:14:25 EDT" duration-ms="39">
      <class name="PS2">
        <test-method is-config="true" signature="bfRun()[pri:0, instance:PS2@20d28811]" started-at="2024-04-08T21:14:25 EDT" name="bfRun" finished-at="2024-04-08T21:14:25 EDT" duration-ms="4" status="PASS">
          <reporter-output>
          </reporter-output>
        </test-method> <!-- bfRun -->
        <test-method signature="testRun()[pri:0, instance:PS2@20d28811]" started-at="2024-04-08T21:14:25 EDT" name="testRun" finished-at="2024-04-08T21:14:25 EDT" duration-ms="6" status="PASS">
          <reporter-output>
          </reporter-output>
        </test-method> <!-- testRun -->
        <test-method is-config="true" signature="afRun()[pri:0, instance:PS2@20d28811]" started-at="2024-04-08T21:14:25 EDT" name="afRun" finished-at="2024-04-08T21:14:25 EDT" duration-ms="1" status="PASS">
          <reporter-output>
          </reporter-output>
        </test-method> <!-- afRun -->
      </class> <!-- PS2 -->
    </test> <!-- Default test -->
  </suite> <!-- Default suite -->
</testng-results>
